<?xml version="1.0" encoding="UTF-8" ?>
<testsuite errors="0" failures="6" hostname="rrufai-HP" name="cg.convexhull.exact.impl.QuickHullRecursiveTest" tests="7" time="0.102" timestamp="2013-01-10T10:42:20">
  <properties>
    <property name="libs.jsp-compiler.javadoc" value="" />
    <property name="netbeans.autoupdate.country" value="CA" />
    <property name="nb.wait.for.caches" value="true" />
    <property name="javac.test.classpath" value="lib/javaGeom-0.11.1.jar:build/classes:C:\Program Files\NetBeans 7.3 Beta\platform\modules\ext\junit-4.10.jar" />
    <property name="libs.jsf20.maven-pom" value="" />
    <property name="libs.junit.javadoc" value="C:\Program Files\NetBeans 7.3 Beta\java\docs\junit-3.8.2-api.zip" />
    <property name="ant.core.lib" value="C:\Program Files\NetBeans 7.3 Beta\java\ant\lib\ant.jar" />
    <property name="javadoc.windowtitle" value="" />
    <property name="libs.jsp-compilation.javadoc" value="" />
    <property name="user.dir" value="C:\Users\rrufai\Documents\NetBeansProjects\StreamedConvexHull" />
    <property name="libs.hibernate-persistence.javadoc" value="" />
    <property name="java.vm.version" value="23.5-b02" />
    <property name="libs.jstl11.maven-pom" value="" />
    <property name="libs.Java-EE-GlassFish-v3.wsimport" value="" />
    <property name="libs.MySQLDriver.classpath" value="C:\Program Files\NetBeans 7.3 Beta\ide\modules\ext\mysql-connector-java-5.1.18-bin.jar" />
    <property name="libs.eclipselinkmodelgen.src" value="" />
    <property name="libs.jstl11.src" value="" />
    <property name="javadoc.notree" value="false" />
    <property name="netbeans.autoupdate.version" value="1.23" />
    <property name="libs.EclipseLink-GlassFish-v3.classpath" value="C:\Program Files\glassfish-3.1.2.2\glassfish\modules\org.eclipse.persistence.antlr.jar;C:\Program Files\glassfish-3.1.2.2\glassfish\modules\org.eclipse.persistence.asm.jar;C:\Program Files\glassfish-3.1.2.2\glassfish\modules\org.eclipse.persistence.core.jar;C:\Program Files\glassfish-3.1.2.2\glassfish\modules\org.eclipse.persistence.jpa.jar;C:\Program Files\glassfish-3.1.2.2\glassfish\modules\org.eclipse.persistence.jpa.modelgen.jar;C:\Program Files\glassfish-3.1.2.2\glassfish\modules\org.eclipse.persistence.moxy.jar;C:\Program Files\glassfish-3.1.2.2\glassfish\modules\org.eclipse.persistence.oracle.jar;C:\Program Files\glassfish-3.1.2.2\glassfish\modules\javax.persistence.jar" />
    <property name="libs.javaee-web-api-6.0.classpath" value="C:\Program Files\NetBeans 7.3 Beta\enterprise\modules\ext\javaee-web-api-6.0.jar" />
    <property name="libs.hibernate-support.maven-pom" value="" />
    <property name="libs.hibernate-support.javadoc" value="" />
    <property name="jdk.home" value="C:\Program Files\Java\jdk1.7.0_09" />
    <property name="libs.javac-api.src" value="" />
    <property name="javadoc.noindex" value="false" />
    <property name="sun.os.patch.level" value="Service Pack 1" />
    <property name="do.archive+manifest.available" value="true" />
    <property name="java.vm.specification.name" value="Java Virtual Machine Specification" />
    <property name="nb.show.statistics.ui" value="usageStatisticsEnabled" />
    <property name="netbeans.autoupdate.variant" value="" />
    <property name="have.tests" value="true" />
    <property name="org.xml.sax.driver" value="com.sun.org.apache.xerces.internal.jaxp.SAXParserImpl$JAXPSAXParser" />
    <property name="libs.javac-api.javadoc" value="" />
    <property name="os.name" value="Windows 7" />
    <property name="libs.beans-binding.classpath" value="C:\Program Files\NetBeans 7.3 Beta\java\modules\ext\beansbinding-1.2.1.jar" />
    <property name="ap.proc.none.internal" value="" />
    <property name="libs.restapi.javadoc" value="C:\Program Files\NetBeans 7.3 Beta\enterprise\docs\jsr311-api-1.1.1-javadoc.zip" />
    <property name="libs.JWSAntTasks.maven-pom" value="" />
    <property name="jnlp.signing.keystore" value="" />
    <property name="libs.testng.src" value="" />
    <property name="libs.spring-webmvc3.0.src" value="" />
    <property name="libs.restapi.classpath" value="C:\Program Files\NetBeans 7.3 Beta\enterprise\modules\ext\rest\jsr311-api-1.1.1.jar" />
    <property name="java.vendor.url.bug" value="http://bugreport.sun.com/bugreport/" />
    <property name="libs.jaxb.maven-pom" value="" />
    <property name="os.arch" value="amd64" />
    <property name="libs.eclipselink.src" value="" />
    <property name="user.name" value="rrufai" />
    <property name="libs.jsf12.javadoc" value="C:\Program Files\NetBeans 7.3 Beta\enterprise\docs\javaee6-doc-api.zip" />
    <property name="libs.Comet-GlassFish-v3.javadoc" value="" />
    <property name="copylibs.rebase" value="true" />
    <property name="manifest.available+main.class" value="true" />
    <property name="libs.spring-webmvc3.0.maven-pom" value="" />
    <property name="libs.swing-layout.maven-pom" value="" />
    <property name="sun.java.command" value="org.apache.tools.ant.taskdefs.optional.junit.JUnitTestRunner cg.convexhull.exact.impl.QuickHullRecursiveTest filtertrace=true haltOnError=false haltOnFailure=false showoutput=true outputtoformatters=true logfailedtests=true logtestlistenerevents=true formatter=org.apache.tools.ant.taskdefs.optional.junit.BriefJUnitResultFormatter formatter=org.apache.tools.ant.taskdefs.optional.junit.XMLJUnitResultFormatter,C:\Users\rrufai\Documents\NetBeansProjects\StreamedConvexHull\build\test\results\TEST-cg.convexhull.exact.impl.QuickHullRecursiveTest.xml crashfile=C:\Users\rrufai\Documents\NetBeansProjects\StreamedConvexHull\build\junitvmwatcher3117596584775242368.properties propsfile=C:\Users\rrufai\Documents\NetBeansProjects\StreamedConvexHull\build\junit4769513850850822242.properties" />
    <property name="build.classes.dir" value="build/classes" />
    <property name="netbeans.accept_license_class" value="org.netbeans.license.AcceptLicense" />
    <property name="jnlp.descriptor" value="application" />
    <property name="libs.Java-EE-GlassFish-v3.wsjwsdp" value="" />
    <property name="build.sysclasspath" value="ignore" />
    <property name="ap.supported.internal" value="true" />
    <property name="libs.jaxws21.javadoc" value="C:\Program Files\NetBeans 7.3 Beta\java\docs\jaxws-api-doc.zip" />
    <property name="includes" value="**" />
    <property name="user.country" value="CA" />
    <property name="manifest.file" value="manifest.mf" />
    <property name="libs.jstl11.javadoc" value="C:\Program Files\NetBeans 7.3 Beta\enterprise\docs\javaee6-doc-api.zip" />
    <property name="javadoc.encoding" value="UTF-8" />
    <property name="javac.classpath" value="lib/javaGeom-0.11.1.jar" />
    <property name="libs.jsp-compilation-syscp.src" value="" />
    <property name="libs.JAVADB_DRIVER_LABEL.src" value="" />
    <property name="debug-transport" value="dt_shmem" />
    <property name="netbeans.home" value="C:\Program Files\NetBeans 7.3 Beta\platform" />
    <property name="build.compiler.emacs" value="true" />
    <property name="libs.javaee-web-api-6.0.src" value="" />
    <property name="libs.ejb3-persistence.src" value="" />
    <property name="libs.Java-EE-GlassFish-v3.javadoc" value="C:\Program Files\NetBeans 7.3 Beta\enterprise\docs\javaee6-doc-api.zip" />
    <property name="libs.jsp-compilation-syscp.classpath" value="C:\Program Files\NetBeans 7.3 Beta\java\ant\lib\ant.jar;C:\Program Files\NetBeans 7.3 Beta\enterprise\modules\ext\servlet3.0-jsp2.2-api.jar;C:\Program Files\NetBeans 7.3 Beta\enterprise\modules\ext\glassfish-jspparser-3.0.jar;C:\Program Files\NetBeans 7.3 Beta\enterprise\modules\ext\standard.jar;C:\Program Files\NetBeans 7.3 Beta\enterprise\modules\ext\jsf-2_1\javax.faces.jar" />
    <property name="java.endorsed.dirs" value="C:\Program Files\Java\jdk1.7.0_09\jre\lib\endorsed" />
    <property name="libs.Comet-GlassFish-v3.maven-pom" value="" />
    <property name="netbeans.dynamic.classpath" value="C:\Program Files\NetBeans 7.3 Beta\platform\core\core.jar;C:\Program Files\NetBeans 7.3 Beta\platform\core\org-openide-filesystems.jar;C:\Program Files\NetBeans 7.3 Beta\platform\core\locale\core_ja.jar;C:\Program Files\NetBeans 7.3 Beta\platform\core\locale\core_pt_BR.jar;C:\Program Files\NetBeans 7.3 Beta\platform\core\locale\core_ru.jar;C:\Program Files\NetBeans 7.3 Beta\platform\core\locale\core_zh_CN.jar;C:\Program Files\NetBeans 7.3 Beta\platform\core\locale\org-openide-filesystems_ja.jar;C:\Program Files\NetBeans 7.3 Beta\platform\core\locale\org-openide-filesystems_pt_BR.jar;C:\Program Files\NetBeans 7.3 Beta\platform\core\locale\org-openide-filesystems_ru.jar;C:\Program Files\NetBeans 7.3 Beta\platform\core\locale\org-openide-filesystems_zh_CN.jar;C:\Program Files\NetBeans 7.3 Beta\nb\core\org-netbeans-upgrader.jar;C:\Program Files\NetBeans 7.3 Beta\nb\core\locale\core_nb.jar;C:\Program Files\NetBeans 7.3 Beta\nb\core\locale\core_nb_ja.jar;C:\Program Files\NetBeans 7.3 Beta\nb\core\locale\core_nb_pt_BR.jar;C:\Program Files\NetBeans 7.3 Beta\nb\core\locale\core_nb_ru.jar;C:\Program Files\NetBeans 7.3 Beta\nb\core\locale\core_nb_zh_CN.jar;C:\Program Files\NetBeans 7.3 Beta\nb\core\locale\org-netbeans-upgrader_ja.jar;C:\Program Files\NetBeans 7.3 Beta\nb\core\locale\org-netbeans-upgrader_pt_BR.jar;C:\Program Files\NetBeans 7.3 Beta\nb\core\locale\org-netbeans-upgrader_ru.jar;C:\Program Files\NetBeans 7.3 Beta\nb\core\locale\org-netbeans-upgrader_zh_CN.jar" />
    <property name="jnlp.enabled" value="false" />
    <property name="java.vm.specification.version" value="1.7" />
    <property name="libs.primefaces.classpath" value="C:\Program Files\NetBeans 7.3 Beta\enterprise\modules\ext\primefaces\primefaces-3.4.jar" />
    <property name="libs.javaee-api-6.0.classpath" value="C:\Program Files\NetBeans 7.3 Beta\enterprise\modules\ext\javaee-api-6.0.jar" />
    <property name="netbeans.productversion" value="NetBeans IDE 7.3 Beta 2 (Build 201211062253)" />
    <property name="libs.hibernate-persistence.classpath" value="C:\Program Files\NetBeans 7.3 Beta\java\modules\ext\hibernate\antlr-2.7.6.jar;C:\Program Files\NetBeans 7.3 Beta\java\modules\ext\hibernate\asm.jar;C:\Program Files\NetBeans 7.3 Beta\java\modules\ext\hibernate\asm-attrs.jar;C:\Program Files\NetBeans 7.3 Beta\java\modules\ext\hibernate\cglib-2.1.3.jar;C:\Program Files\NetBeans 7.3 Beta\java\modules\ext\hibernate\commons-collections-2.1.1.jar;C:\Program Files\NetBeans 7.3 Beta\ide\modules\org-apache-commons-logging.jar;C:\Program Files\NetBeans 7.3 Beta\java\modules\ext\hibernate\dom4j-1.6.1.jar;C:\Program Files\NetBeans 7.3 Beta\java\modules\ext\hibernate\ehcache-1.2.3.jar;C:\Program Files\NetBeans 7.3 Beta\java\modules\ext\hibernate\jdbc2_0-stdext.jar;C:\Program Files\NetBeans 7.3 Beta\java\modules\ext\hibernate\jta.jar;C:\Program Files\NetBeans 7.3 Beta\java\modules\ext\hibernate\hibernate3.jar;C:\Program Files\NetBeans 7.3 Beta\java\modules\ext\hibernate\hibernate-tools.jar;C:\Program Files\NetBeans 7.3 Beta\java\modules\ext\hibernate\hibernate-annotations.jar;C:\Program Files\NetBeans 7.3 Beta\java\modules\ext\hibernate\hibernate-commons-annotations.jar;C:\Program Files\NetBeans 7.3 Beta\java\modules\ext\hibernate\hibernate-entitymanager.jar;C:\Program Files\NetBeans 7.3 Beta\java\modules\ext\hibernate\javassist.jar;C:\Program Files\NetBeans 7.3 Beta\java\modules\ext\hibernate\ejb3-persistence.jar" />
    <property name="libs.jaxws21.src" value="" />
    <property name="application.title" value="StreamedConvexHull" />
    <property name="do.archive" value="true" />
    <property name="netbeans.autoupdate.language" value="en" />
    <property name="java.vendor" value="Oracle Corporation" />
    <property name="libs.javaee-api-6.0.javadoc" value="C:\Program Files\NetBeans 7.3 Beta\enterprise\docs\javaee6-doc-api.zip" />
    <property name="jar.index.metainf" value="false" />
    <property name="javac.debug" value="true" />
    <property name="javadoc.splitindex" value="true" />
    <property name="file.separator" value="\" />
    <property name="ant.file.type.StreamedConvexHull-impl" value="file" />
    <property name="libs.junit_4.maven-pom" value="" />
    <property name="mkdist.disabled" value="false" />
    <property name="javac.test.processorpath" value="lib/javaGeom-0.11.1.jar:build/classes:C:\Program Files\NetBeans 7.3 Beta\platform\modules\ext\junit-4.10.jar" />
    <property name="netbeans.buildnumber" value="201211062253" />
    <property name="libs.JWSAntTasks.javadoc" value="" />
    <property name="build.generated.sources.dir" value="build/generated-sources" />
    <property name="user.variant" value="" />
    <property name="libs.eclipselinkmodelgen.classpath" value="C:\Program Files\NetBeans 7.3 Beta\java\modules\ext\eclipselink\org.eclipse.persistence.jpa.modelgen.processor-2.3.2.jar" />
    <property name="libs.Java-EE-GlassFish-v3.wscompile" value="" />
    <property name="sun.java.launcher" value="SUN_STANDARD" />
    <property name="libs.junit.classpath" value="C:\Program Files\NetBeans 7.3 Beta\java\modules\ext\junit-3.8.2.jar" />
    <property name="libs.jaxb.javadoc" value="C:\Program Files\NetBeans 7.3 Beta\ide\docs\jaxb-api-doc.zip" />
    <property name="libs.struts.classpath" value="C:\Program Files\NetBeans 7.3 Beta\enterprise\modules\ext\struts\antlr-2.7.2.jar;C:\Program Files\NetBeans 7.3 Beta\enterprise\modules\ext\struts\bsf-2.3.0.jar;C:\Program Files\NetBeans 7.3 Beta\enterprise\modules\ext\struts\commons-beanutils-1.8.0.jar;C:\Program Files\NetBeans 7.3 Beta\enterprise\modules\ext\struts\commons-chain-1.2.jar;C:\Program Files\NetBeans 7.3 Beta\enterprise\modules\ext\struts\commons-digester-1.8.jar;C:\Program Files\NetBeans 7.3 Beta\enterprise\modules\ext\struts\commons-fileupload-1.1.1.jar;C:\Program Files\NetBeans 7.3 Beta\enterprise\modules\ext\struts\commons-io-1.1.jar;C:\Program Files\NetBeans 7.3 Beta\enterprise\modules\ext\struts\commons-logging-1.0.4.jar;C:\Program Files\NetBeans 7.3 Beta\enterprise\modules\ext\struts\commons-validator-1.3.1.jar;C:\Program Files\NetBeans 7.3 Beta\enterprise\modules\ext\struts\jstl-1.0.2.jar;C:\Program Files\NetBeans 7.3 Beta\enterprise\modules\ext\struts\oro-2.0.8.jar;C:\Program Files\NetBeans 7.3 Beta\enterprise\modules\ext\struts\standard-1.0.6.jar;C:\Program Files\NetBeans 7.3 Beta\enterprise\modules\ext\struts\struts-core-1.3.10.jar;C:\Program Files\NetBeans 7.3 Beta\enterprise\modules\ext\struts\struts-el-1.3.10.jar;C:\Program Files\NetBeans 7.3 Beta\enterprise\modules\ext\struts\struts-extras-1.3.10.jar;C:\Program Files\NetBeans 7.3 Beta\enterprise\modules\ext\struts\struts-faces-1.3.10.jar;C:\Program Files\NetBeans 7.3 Beta\enterprise\modules\ext\struts\struts-mailreader-dao-1.3.10.jar;C:\Program Files\NetBeans 7.3 Beta\enterprise\modules\ext\struts\struts-scripting-1.3.10.jar;C:\Program Files\NetBeans 7.3 Beta\enterprise\modules\ext\struts\struts-taglib-1.3.10.jar;C:\Program Files\NetBeans 7.3 Beta\enterprise\modules\ext\struts\struts-tiles-1.3.10.jar" />
    <property name="ant.home" value="C:\Program Files\NetBeans 7.3 Beta\java\ant" />
    <property name="libs.junit_4.src" value="C:\Program Files\NetBeans 7.3 Beta\java\docs\junit-4.10-sources.jar" />
    <property name="libs.testng.classpath" value="C:\Program Files\NetBeans 7.3 Beta\platform\modules\ext\testng-6.5.1-dist.jar" />
    <property name="libs.absolutelayout.maven-pom" value="" />
    <property name="ant.java.version" value="1.7" />
    <property name="java.library.path" value="C:\Program Files\Java\jdk1.7.0_09\jre\bin;C:\Windows\Sun\Java\bin;C:\Windows\system32;C:\Windows;C:\Program Files (x86)\HP SimplePass\x64;C:\Program Files (x86)\HP SimplePass\;;C:\Program Files (x86)\Intel\iCLS Client\;C:\Program Files\Intel\iCLS Client\;C:\Program Files\Common Files\Microsoft Shared\Windows Live;C:\Program Files (x86)\Common Files\Microsoft Shared\Windows Live;C:\Windows\system32;C:\Windows;C:\Windows\System32\Wbem;C:\Windows\System32\WindowsPowerShell\v1.0\;C:\Program Files (x86)\Windows Live\Shared;C:\Program Files\Intel\WiFi\bin\;C:\Program Files\Common Files\Intel\WirelessCommon\;C:\Program Files (x86)\Intel\OpenCL SDK\2.0\bin\x86;C:\Program Files (x86)\Intel\OpenCL SDK\2.0\bin\x64;C:\Program Files (x86)\Intel\OpenCL SDK\2.0\bin\x86;C:\Program Files (x86)\Intel\OpenCL SDK\2.0\bin\x64;C:\Program Files\Intel\Intel(R) Management Engine Components\DAL;C:\Program Files\Intel\Intel(R) Management Engine Components\IPT;C:\Program Files (x86)\Intel\Intel(R) Management Engine Components\DAL;C:\Program Files (x86)\Intel\Intel(R) Management Engine Components\IPT;C:\Program Files (x86)\QuickTime\QTSystem\;C:\Program Files\Intel\WiFi\bin\;C:\Program Files\Common Files\Intel\WirelessCommon\;C:\Program Files\Java\jdk1.7.0_09\bin;C:\Users\rrufai\Documents\NetBeansProjects\CG\lib\Windows\;." />
    <property name="javadoc.author" value="false" />
    <property name="libs.metro.maven-pom" value="" />
    <property name="manifest.available+main.class-mkdist.available" value="true" />
    <property name="libs.EclipseLink-GlassFish-v3.src" value="" />
    <property name="java.util.logging.config.class" value="org.netbeans.core.startup.TopLogging" />
    <property name="libs.PostgreSQLDriver.src" value="" />
    <property name="sun.arch.data.model" value="64" />
    <property name="basedir" value="C:\Users\rrufai\Documents\NetBeansProjects\StreamedConvexHull" />
    <property name="libs.jpa20-persistence.maven-pom" value="" />
    <property name="jar.compress" value="false" />
    <property name="libs.jstl11.classpath" value="C:\Program Files\NetBeans 7.3 Beta\enterprise\modules\ext\standard.jar;C:\Program Files\NetBeans 7.3 Beta\enterprise\modules\ext\jstl.jar" />
    <property name="path.separator" value=";" />
    <property name="libs.javaee-web-api-6.0.javadoc" value="C:\Program Files\NetBeans 7.3 Beta\enterprise\docs\javaee6-doc-api.zip" />
    <property name="ant.junit.enabletestlistenerevents" value="true" />
    <property name="sun.io.unicode.encoding" value="UnicodeLittle" />
    <property name="libs.jaxws21.classpath" value="C:\Program Files\NetBeans 7.3 Beta\ide\modules\ext\jaxb\jaxb-impl.jar;C:\Program Files\NetBeans 7.3 Beta\ide\modules\ext\jaxb\jaxb-xjc.jar;C:\Program Files\NetBeans 7.3 Beta\java\modules\ext\jaxws22\FastInfoset.jar;C:\Program Files\NetBeans 7.3 Beta\java\modules\ext\jaxws22\gmbal-api-only.jar;C:\Program Files\NetBeans 7.3 Beta\java\modules\ext\jaxws22\ha-api.jar;C:\Program Files\NetBeans 7.3 Beta\java\modules\ext\jaxws22\javax.mail_1.4.jar;C:\Program Files\NetBeans 7.3 Beta\java\modules\ext\jaxws22\jaxws-rt.jar;C:\Program Files\NetBeans 7.3 Beta\java\modules\ext\jaxws22\jaxws-tools.jar;C:\Program Files\NetBeans 7.3 Beta\java\modules\ext\jaxws22\management-api.jar;C:\Program Files\NetBeans 7.3 Beta\java\modules\ext\jaxws22\mimepull.jar;C:\Program Files\NetBeans 7.3 Beta\java\modules\ext\jaxws22\policy.jar;C:\Program Files\NetBeans 7.3 Beta\java\modules\ext\jaxws22\saaj-impl.jar;C:\Program Files\NetBeans 7.3 Beta\java\modules\ext\jaxws22\stax-ex.jar;C:\Program Files\NetBeans 7.3 Beta\java\modules\ext\jaxws22\stax2-api.jar;C:\Program Files\NetBeans 7.3 Beta\java\modules\ext\jaxws22\streambuffer.jar;C:\Program Files\NetBeans 7.3 Beta\java\modules\ext\jaxws22\woodstox-core-asl.jar;C:\Program Files\NetBeans 7.3 Beta\java\modules\ext\jaxws22\api\jaxws-api.jar;C:\Program Files\NetBeans 7.3 Beta\java\modules\ext\jaxws22\api\jsr181-api.jar;C:\Program Files\NetBeans 7.3 Beta\java\modules\ext\jaxws22\api\javax.annotation.jar;C:\Program Files\NetBeans 7.3 Beta\java\modules\ext\jaxws22\api\saaj-api.jar;C:\Program Files\NetBeans 7.3 Beta\ide\modules\ext\jaxb\activation.jar;C:\Program Files\NetBeans 7.3 Beta\ide\modules\ext\jaxb\api\jaxb-api.jar;C:\Program Files\NetBeans 7.3 Beta\ide\modules\ext\jaxb\api\jsr173_1.0_api.jar" />
    <property name="libs.struts.src" value="" />
    <property name="compile.on.save" value="true" />
    <property name="apple.awt.graphics.UseQuartz" value="true" />
    <property name="user.language" value="en" />
    <property name="testng.mode" value="testng" />
    <property name="libs.JAXB-ENDORSED.maven-pom" value="" />
    <property name="libs.spring-framework.classpath" value="C:\Program Files\NetBeans 7.3 Beta\ide\modules\org-apache-commons-logging.jar;C:\Program Files\NetBeans 7.3 Beta\java\modules\ext\cglib-2.2.jar;C:\Program Files\NetBeans 7.3 Beta\java\modules\ext\spring\spring-2.5.6.SEC03.jar" />
    <property name="libs.eclipselink.maven-pom" value="" />
    <property name="application.vendor" value="rrufai" />
    <property name="test.binaryincludes" value="&lt;nothing&gt;" />
    <property name="manifest.available" value="true" />
    <property name="libs.primefaces.javadoc" value="" />
    <property name="libs.spring-framework300.maven-pom" value="" />
    <property name="run.test.classpath" value="lib/javaGeom-0.11.1.jar:build/classes:C:\Program Files\NetBeans 7.3 Beta\platform\modules\ext\junit-4.10.jar:build/test/classes" />
    <property name="ant.project.invoked-targets" value="test" />
    <property name="test.binaryexcludes" value="" />
    <property name="libs.swing-layout.javadoc" value="C:\Program Files\NetBeans 7.3 Beta\platform\docs\swing-layout-1.0.4-doc.zip" />
    <property name="libs.ejb3-persistence.maven-pom" value="" />
    <property name="libs.GLUEGEN-RT.maven-pom" value="" />
    <property name="libs.PostgreSQLDriver.maven-pom" value="" />
    <property name="java.class.version" value="51.0" />
    <property name="libs.JAVADB_DRIVER_LABEL.classpath" value="C:\Program Files\glassfish-3.1.2.2\javadb\lib\derby.jar;C:\Program Files\glassfish-3.1.2.2\javadb\lib\derbyclient.jar;C:\Program Files\glassfish-3.1.2.2\javadb\lib\derbynet.jar" />
    <property name="libs.javaee-endorsed-api-6.0.src" value="" />
    <property name="netbeans.system_http_proxy" value="DIRECT" />
    <property name="libs.eclipselink.javadoc" value="" />
    <property name="libs.jsp-compilation.maven-pom" value="" />
    <property name="user.properties.file" value="C:\Users\rrufai\AppData\Roaming\NetBeans\7.3beta\build.properties" />
    <property name="runtime.encoding" value="UTF-8" />
    <property name="libs.spring-framework.src" value="" />
    <property name="libs.javac-api.maven-pom" value="" />
    <property name="file.encoding.pkg" value="sun.io" />
    <property name="sun.cpu.endian" value="little" />
    <property name="libs.JAXB-ENDORSED.javadoc" value="" />
    <property name="libs.JWSAntTasks.classpath" value="C:\Program Files\NetBeans 7.3 Beta\java\ant\extra\org-netbeans-modules-javawebstart-anttasks.jar" />
    <property name="libs.spring-framework300.src" value="" />
    <property name="empty.dir" value="C:\Users\rrufai\Documents\NetBeansProjects\StreamedConvexHull\build\empty" />
    <property name="libs.JOGL.classpath" value="C:\Users\rrufai\AppData\Roaming\NetBeans\7.3beta\jogl-runtime\jogl.jar" />
    <property name="version-output" value="java version &quot;1.7" />
    <property name="test.binarytestincludes" value="" />
    <property name="javadoc.preview" value="true" />
    <property name="libs.jpa20-persistence.javadoc" value="" />
    <property name="nbplatform.default.harness.dir" value="C:\Program Files\NetBeans 7.3 Beta/harness" />
    <property name="java.home" value="C:\Program Files\Java\jdk1.7.0_09\jre" />
    <property name="libs.jsp-compilation.src" value="" />
    <property name="libs.spring-webmvc.src" value="" />
    <property name="debug.test.classpath" value="lib/javaGeom-0.11.1.jar:build/classes:C:\Program Files\NetBeans 7.3 Beta\platform\modules\ext\junit-4.10.jar:build/test/classes" />
    <property name="libs.javaee-endorsed-api-6.0.classpath" value="C:\Program Files\NetBeans 7.3 Beta\enterprise\modules\ext\javaee6-endorsed\javax.annotation.jar;C:\Program Files\NetBeans 7.3 Beta\enterprise\modules\ext\javaee6-endorsed\jaxb-api-osgi.jar;C:\Program Files\NetBeans 7.3 Beta\enterprise\modules\ext\javaee6-endorsed\webservices-api-osgi.jar" />
    <property name="libs.javaee-api-6.0.src" value="" />
    <property name="ant.file.StreamedConvexHull-impl" value="C:\Users\rrufai\Documents\NetBeansProjects\StreamedConvexHull\nbproject\build-impl.xml" />
    <property name="file.reference.javaGeom-0.11.1.jar" value="lib/javaGeom-0.11.1.jar" />
    <property name="netbeans.importclass" value="org.netbeans.upgrade.AutoUpgrade" />
    <property name="ant.project.default-target" value="default" />
    <property name="annotation.processing.run.all.processors" value="true" />
    <property name="jar.archive.disabled" value="false" />
    <property name="jnlp.signing.alias" value="" />
    <property name="libs.PostgreSQLDriver.javadoc" value="" />
    <property name="libs.restlib.classpath" value="C:\Program Files\NetBeans 7.3 Beta\enterprise\modules\ext\rest\asm-3.1.jar;C:\Program Files\NetBeans 7.3 Beta\enterprise\modules\ext\rest\jackson-core-asl-1.9.2.jar;C:\Program Files\NetBeans 7.3 Beta\enterprise\modules\ext\rest\jackson-jaxrs-1.9.2.jar;C:\Program Files\NetBeans 7.3 Beta\enterprise\modules\ext\rest\jackson-mapper-asl-1.9.2.jar;C:\Program Files\NetBeans 7.3 Beta\enterprise\modules\ext\rest\jackson-xc-1.9.2.jar;C:\Program Files\NetBeans 7.3 Beta\enterprise\modules\ext\rest\jersey-apache-client-1.13.jar;C:\Program Files\NetBeans 7.3 Beta\enterprise\modules\ext\rest\jersey-atom-abdera-1.13.jar;C:\Program Files\NetBeans 7.3 Beta\enterprise\modules\ext\rest\jersey-client-1.13.jar;C:\Program Files\NetBeans 7.3 Beta\enterprise\modules\ext\rest\jersey-core-1.13.jar;C:\Program Files\NetBeans 7.3 Beta\enterprise\modules\ext\rest\jersey-guice-1.13.jar;C:\Program Files\NetBeans 7.3 Beta\enterprise\modules\ext\rest\jersey-json-1.13.jar;C:\Program Files\NetBeans 7.3 Beta\enterprise\modules\ext\rest\jersey-multipart-1.13.jar;C:\Program Files\NetBeans 7.3 Beta\enterprise\modules\ext\rest\jersey-server-1.13.jar;C:\Program Files\NetBeans 7.3 Beta\enterprise\modules\ext\rest\jersey-servlet-1.13.jar;C:\Program Files\NetBeans 7.3 Beta\enterprise\modules\ext\rest\jersey-simple-server-1.13.jar;C:\Program Files\NetBeans 7.3 Beta\enterprise\modules\ext\rest\jersey-spring-1.13.jar;C:\Program Files\NetBeans 7.3 Beta\enterprise\modules\ext\rest\jettison-1.1.jar;C:\Program Files\NetBeans 7.3 Beta\enterprise\modules\ext\rest\oauth-client-1.13.jar;C:\Program Files\NetBeans 7.3 Beta\enterprise\modules\ext\rest\oauth-server-1.13.jar;C:\Program Files\NetBeans 7.3 Beta\enterprise\modules\ext\rest\oauth-signature-1.13.jar;C:\Program Files\NetBeans 7.3 Beta\ide\modules\ext\jaxb\activation.jar;C:\Program Files\NetBeans 7.3 Beta\ide\modules\ext\jaxb\api\jaxb-api.jar;C:\Program Files\NetBeans 7.3 Beta\ide\modules\ext\jaxb\api\jsr173_1.0_api.jar" />
    <property name="libs.MySQLDriver.maven-pom" value="" />
    <property name="netbeans.extbrowser.manual_chrome_plugin_install" value="yes" />
    <property name="libs.junit_4.javadoc" value="C:\Program Files\NetBeans 7.3 Beta\java\docs\junit-4.10-javadoc.jar" />
    <property name="libs.spring-webmvc.javadoc" value="" />
    <property name="libs.EclipseLink-GlassFish-v3.maven-pom" value="" />
    <property name="libs.javaee-web-api-6.0.maven-pom" value="" />
    <property name="run.classpath" value="lib/javaGeom-0.11.1.jar:build/classes" />
    <property name="libs.GLUEGEN-RT.src" value="" />
    <property name="libs.hibernate-support.src" value="" />
    <property name="jna.boot.library.name" value="jnidispatch-340" />
    <property name="libs.javaee-endorsed-api-6.0.javadoc" value="C:\Program Files\NetBeans 7.3 Beta\enterprise\docs\javaee6-doc-api.zip" />
    <property name="sun.awt.datatransfer.timeout" value="1000" />
    <property name="libs.spring-webmvc3.0.javadoc" value="" />
    <property name="annotation.processing.enabled.in.editor" value="false" />
    <property name="nb.native.filechooser" value="false" />
    <property name="libs.restapi.src" value="" />
    <property name="sun.management.compiler" value="HotSpot 64-Bit Tiered Compilers" />
    <property name="javac.deprecation" value="false" />
    <property name="javadoc.use" value="true" />
    <property name="sun.java2d.noddraw" value="true" />
    <property name="libs.jsp-compiler.classpath" value="C:\Program Files\NetBeans 7.3 Beta\enterprise\ant\extra\jspcompile.jar" />
    <property name="javac.processorpath" value="lib/javaGeom-0.11.1.jar" />
    <property name="libs.spring-webmvc.classpath" value="C:\Program Files\NetBeans 7.3 Beta\enterprise\modules\ext\spring\spring-webmvc-2.5.6.SEC03.jar" />
    <property name="javac.compilerargs" value="" />
    <property name="ant.file" value="C:\Users\rrufai\Documents\NetBeansProjects\StreamedConvexHull\build.xml" />
    <property name="libs.beans-binding.maven-pom" value="" />
    <property name="jnlp.codebase.type" value="no.codebase" />
    <property name="libs.jsf12.classpath" value="C:\Program Files\NetBeans 7.3 Beta\enterprise\modules\ext\jsf-1_2\commons-beanutils.jar;C:\Program Files\NetBeans 7.3 Beta\enterprise\modules\ext\jsf-1_2\commons-collections.jar;C:\Program Files\NetBeans 7.3 Beta\enterprise\modules\ext\jsf-1_2\commons-digester.jar;C:\Program Files\NetBeans 7.3 Beta\enterprise\modules\ext\jsf-1_2\commons-logging.jar;C:\Program Files\NetBeans 7.3 Beta\enterprise\modules\ext\jsf-1_2\jsf-api.jar;C:\Program Files\NetBeans 7.3 Beta\enterprise\modules\ext\jsf-1_2\jsf-impl.jar" />
    <property name="libs.restapi.maven-pom" value="" />
    <property name="libs.beans-binding.src" value="" />
    <property name="java.vm.specification.vendor" value="Oracle Corporation" />
    <property name="libs.swing-layout.src" value="C:\Program Files\NetBeans 7.3 Beta\platform\docs\swing-layout-1.0.4-src.zip" />
    <property name="libs.Java-EE-GlassFish-v3.embedabbleejb" value="" />
    <property name="org.openide.major.version" value="IDE/1" />
    <property name="java.vm.name" value="Java HotSpot(TM) 64-Bit Server VM" />
    <property name="netbeans.user" value="C:\Users\rrufai\AppData\Roaming\NetBeans\7.3beta" />
    <property name="tests.failed" value="true" />
    <property name="javadoc.additionalparam" value="" />
    <property name="jnlp.offline-allowed" value="false" />
    <property name="java.io.tmpdir" value="C:\Users\rrufai\AppData\Local\Temp\" />
    <property name="java.vendor.url" value="http://java.oracle.com/" />
    <property name="endorsed.classpath.cmd.line.arg" value="" />
    <property name="junit.available" value="true" />
    <property name="libs.jsp-compiler.src" value="" />
    <property name="org.openide.awt.ActionReference.completion" value="org.netbeans.modules.apisupport.project.layers.PathCompletions" />
    <property name="sun.boot.library.path" value="C:\Program Files\Java\jdk1.7.0_09\jre\bin" />
    <property name="have.sources" value="true" />
    <property name="debug.classpath" value="lib/javaGeom-0.11.1.jar:build/classes" />
    <property name="javadoc.private" value="false" />
    <property name="sun.awt.disableMixing" value="true" />
    <property name="test.src.dir" value="test" />
    <property name="libs.jsf20.classpath" value="C:\Program Files\NetBeans 7.3 Beta\enterprise\modules\ext\jsf-2_1\javax.faces.jar" />
    <property name="ap.processors.internal" value="" />
    <property name="meta.inf.dir" value="src/META-INF" />
    <property name="javadoc.encoding.used" value="UTF-8" />
    <property name="dist.jar" value="dist/StreamedConvexHull.jar" />
    <property name="java.runtime.name" value="Java(TM) SE Runtime Environment" />
    <property name="ant.project.name" value="StreamedConvexHull" />
    <property name="netbeans.hash.code" value="unique=NB_GFMOD_JAVA_TOMCAT_WEBCOMMON_WEBEE02665c8db-22ec-467d-bf55-cd8239cb4c9c_167622a5-7f97-454d-ad98-a6629c5dc2c3" />
    <property name="netbeans.default_userdir_root" value="C:\Users\rrufai\AppData\Roaming\NetBeans" />
    <property name="libs.jsp-compilation-syscp.maven-pom" value="" />
    <property name="manifest.available-mkdist.available" value="true" />
    <property name="sun.cpu.isalist" value="amd64" />
    <property name="libs.CopyLibs.javadoc" value="" />
    <property name="org.openide.specification.version" value="6.2" />
    <property name="libs.hibernate-support.classpath" value="C:\Program Files\NetBeans 7.3 Beta\java\modules\ext\hibernate\antlr-2.7.6.jar;C:\Program Files\NetBeans 7.3 Beta\java\modules\ext\hibernate\asm.jar;C:\Program Files\NetBeans 7.3 Beta\java\modules\ext\hibernate\asm-attrs.jar;C:\Program Files\NetBeans 7.3 Beta\java\modules\ext\hibernate\cglib-2.1.3.jar;C:\Program Files\NetBeans 7.3 Beta\java\modules\ext\hibernate\commons-collections-2.1.1.jar;C:\Program Files\NetBeans 7.3 Beta\ide\modules\org-apache-commons-logging.jar;C:\Program Files\NetBeans 7.3 Beta\java\modules\ext\hibernate\dom4j-1.6.1.jar;C:\Program Files\NetBeans 7.3 Beta\java\modules\ext\hibernate\ehcache-1.2.3.jar;C:\Program Files\NetBeans 7.3 Beta\java\modules\ext\hibernate\jdbc2_0-stdext.jar;C:\Program Files\NetBeans 7.3 Beta\java\modules\ext\hibernate\jta.jar;C:\Program Files\NetBeans 7.3 Beta\java\modules\ext\hibernate\hibernate3.jar;C:\Program Files\NetBeans 7.3 Beta\java\modules\ext\hibernate\hibernate-tools.jar;C:\Program Files\NetBeans 7.3 Beta\java\modules\ext\hibernate\hibernate-annotations.jar;C:\Program Files\NetBeans 7.3 Beta\java\modules\ext\hibernate\hibernate-commons-annotations.jar;C:\Program Files\NetBeans 7.3 Beta\java\modules\ext\hibernate\hibernate-entitymanager.jar;C:\Program Files\NetBeans 7.3 Beta\java\modules\ext\hibernate\javassist.jar" />
    <property name="user.home" value="C:\Users\rrufai" />
    <property name="annotation.processing.processors.list" value="" />
    <property name="libs.primefaces.maven-pom" value="" />
    <property name="debug-args-line" value="-Xdebug" />
    <property name="libs.javaee-api-6.0.maven-pom" value="" />
    <property name="libs.JWSAntTasks.src" value="" />
    <property name="jar.index" value="false" />
    <property name="libs.CopyLibs.maven-pom" value="" />
    <property name="libs.spring-framework300.javadoc" value="" />
    <property name="libs.hibernate-persistence.maven-pom" value="" />
    <property name="libs.absolutelayout.javadoc" value="" />
    <property name="java.specification.name" value="Java Platform API Specification" />
    <property name="do.archive+main.class.available" value="true" />
    <property name="jnlp.mixed.code" value="default" />
    <property name="java.specification.vendor" value="Oracle Corporation" />
    <property name="libs.javac-api.classpath" value="C:\Program Files\NetBeans 7.3 Beta\java\modules\ext\nb-javac-api.jar" />
    <property name="libs.GLUEGEN-RT.javadoc" value="" />
    <property name="java.version" value="1.7.0_09" />
    <property name="run.jvmargs.ide" value="" />
    <property name="javadoc.version" value="false" />
    <property name="libs.MySQLDriver.javadoc" value="" />
    <property name="org.openide.version" value="deprecated" />
    <property name="source.encoding" value="UTF-8" />
    <property name="ap.cmd.line.internal" value="" />
    <property name="libs.eclipselinkmodelgen.maven-pom" value="" />
    <property name="libs.jsp-compilation-syscp.javadoc" value="" />
    <property name="libs.junit.maven-pom" value="" />
    <property name="libs.eclipselinkmodelgen.javadoc" value="" />
    <property name="libs.metro.javadoc" value="C:\Program Files\NetBeans 7.3 Beta\enterprise\docs\metro-1.4-doc.zip" />
    <property name="libs.struts.maven-pom" value="" />
    <property name="netbeans.home+have.tests" value="true" />
    <property name="annotation.processing.processor.options" value="" />
    <property name="libs.testng.maven-pom" value="" />
    <property name="libs.jaxb.src" value="" />
    <property name="libs.Java-EE-GlassFish-v3.wsgenerate" value="" />
    <property name="work.dir" value="C:\Users\rrufai\Documents\NetBeansProjects\StreamedConvexHull" />
    <property name="libs.jaxb.classpath" value="C:\Program Files\NetBeans 7.3 Beta\ide\modules\ext\jaxb\jaxb-impl.jar;C:\Program Files\NetBeans 7.3 Beta\ide\modules\ext\jaxb\jaxb-xjc.jar;C:\Program Files\NetBeans 7.3 Beta\ide\modules\ext\jaxb\jaxb1-impl.jar;C:\Program Files\NetBeans 7.3 Beta\ide\modules\ext\jaxb\activation.jar;C:\Program Files\NetBeans 7.3 Beta\ide\modules\ext\jaxb\api\jaxb-api.jar;C:\Program Files\NetBeans 7.3 Beta\ide\modules\ext\jaxb\api\jsr173_1.0_api.jar" />
    <property name="do.depend" value="false" />
    <property name="dist.javadoc.dir" value="dist/javadoc" />
    <property name="libs.swing-layout.classpath" value="C:\Program Files\NetBeans 7.3 Beta\platform\modules\ext\swing-layout-1.0.4.jar" />
    <property name="libs.spring-webmvc3.0.classpath" value="C:\Program Files\NetBeans 7.3 Beta\java\modules\ext\spring-3.0\spring-webmvc-3.1.1.RELEASE.jar" />
    <property name="libs.restlib.src" value="" />
    <property name="javac.source" value="1.7" />
    <property name="build.generated.dir" value="build/generated" />
    <property name="line.separator" value="&#xd;&#xa;" />
    <property name="libs.hibernate-persistence.src" value="" />
    <property name="java.specification.version" value="1.7" />
    <property name="java.vm.info" value="mixed mode" />
    <property name="libs.jaxws21.maven-pom" value="" />
    <property name="nb.junit.batch" value="true" />
    <property name="junit.forkmode" value="perTest" />
    <property name="netbeans.logger.console" value="true" />
    <property name="libs.spring-framework.maven-pom" value="" />
    <property name="sun.boot.class.path" value="C:\Program Files\Java\jdk1.7.0_09\jre\lib\resources.jar;C:\Program Files\Java\jdk1.7.0_09\jre\lib\rt.jar;C:\Program Files\Java\jdk1.7.0_09\jre\lib\sunrsasign.jar;C:\Program Files\Java\jdk1.7.0_09\jre\lib\jsse.jar;C:\Program Files\Java\jdk1.7.0_09\jre\lib\jce.jar;C:\Program Files\Java\jdk1.7.0_09\jre\lib\charsets.jar;C:\Program Files\Java\jdk1.7.0_09\jre\lib\jfr.jar;C:\Program Files\Java\jdk1.7.0_09\jre\classes" />
    <property name="javac.target" value="1.7" />
    <property name="built-jar.properties" value="C:\Users\rrufai\Documents\NetBeansProjects\StreamedConvexHull\build\built-jar.properties" />
    <property name="build.test.classes.dir" value="build/test/classes" />
    <property name="src.dir" value="src" />
    <property name="sun.awt.keepWorkingSetOnMinimize" value="true" />
    <property name="annotation.processing.enabled" value="true" />
    <property name="libs.jsf20.src" value="" />
    <property name="libs.jpa20-persistence.src" value="" />
    <property name="libs.jsf12.src" value="" />
    <property name="libs.JAVADB_DRIVER_LABEL.maven-pom" value="" />
    <property name="nbplatform.default.netbeans.dest.dir" value="C:\Program Files\NetBeans 7.3 Beta" />
    <property name="libs.struts.javadoc" value="C:\Program Files\NetBeans 7.3 Beta\enterprise\docs\struts-1.3.10-javadoc.zip" />
    <property name="ignore.failing.tests" value="true" />
    <property name="libs.Comet-GlassFish-v3.classpath" value="C:\Program Files\glassfish-3.1.2.2\glassfish\modules\grizzly-comet.jar" />
    <property name="libs.primefaces.src" value="" />
    <property name="dist.dir" value="dist" />
    <property name="do.archive+manifest.available+main.class" value="true" />
    <property name="testng.debug.mode" value="" />
    <property name="javac.fork" value="false" />
    <property name="java.awt.printerjob" value="sun.awt.windows.WPrinterJob" />
    <property name="default.javac.source" value="1.7" />
    <property name="debug-transport-by-os" value="dt_shmem" />
    <property name="sun.jnu.encoding" value="Cp1252" />
    <property name="libs.MySQLDriver.src" value="" />
    <property name="libs.JOGL.javadoc" value="C:\Users\rrufai\AppData\Roaming\NetBeans\7.3beta\jogl-runtime\jogl-docs.zip" />
    <property name="build.test.results.dir" value="build/test/results" />
    <property name="java.runtime.version" value="1.7.0_09-b05" />
    <property name="libs.ejb3-persistence.javadoc" value="" />
    <property name="manifest.available+main.class+mkdist.available" value="true" />
    <property name="libs.JOGL.maven-pom" value="" />
    <property name="default.javac.target" value="1.7" />
    <property name="libs.Java-EE-GlassFish-v3.src" value="" />
    <property name="libs.junit_4.classpath" value="C:\Program Files\NetBeans 7.3 Beta\platform\modules\ext\junit-4.10.jar" />
    <property name="user.timezone" value="" />
    <property name="nb.junit.single" value="false" />
    <property name="do.jar" value="true" />
    <property name="libs.javaee-endorsed-api-6.0.maven-pom" value="" />
    <property name="libs.JAVADB_DRIVER_LABEL.javadoc" value="" />
    <property name="netbeans.dirs" value="C:\Program Files\NetBeans 7.3 Beta\nb;C:\Program Files\NetBeans 7.3 Beta\ergonomics;C:\Program Files\NetBeans 7.3 Beta\ide;C:\Program Files\NetBeans 7.3 Beta\java;C:\Program Files\NetBeans 7.3 Beta\apisupport;C:\Program Files\NetBeans 7.3 Beta\webcommon;C:\Program Files\NetBeans 7.3 Beta\websvccommon;C:\Program Files\NetBeans 7.3 Beta\enterprise;C:\Program Files\NetBeans 7.3 Beta\mobility;C:\Program Files\NetBeans 7.3 Beta\profiler;C:\Program Files\NetBeans 7.3 Beta\python;C:\Program Files\NetBeans 7.3 Beta\php;C:\Program Files\NetBeans 7.3 Beta\identity;C:\Program Files\NetBeans 7.3 Beta\harness;C:\Program Files\NetBeans 7.3 Beta\cnd;C:\Program Files\NetBeans 7.3 Beta\dlight;C:\Program Files\NetBeans 7.3 Beta\groovy;C:\Program Files\NetBeans 7.3 Beta\extra;C:\Program Files\NetBeans 7.3 Beta\javacard;C:\Program Files\NetBeans 7.3 Beta\javafx" />
    <property name="libs.jsf20.javadoc" value="C:\Program Files\NetBeans 7.3 Beta\enterprise\docs\javaee6-doc-api.zip" />
    <property name="java.ext.dirs" value="C:\Program Files\Java\jdk1.7.0_09\jre\lib\ext;C:\Windows\Sun\Java\lib\ext" />
    <property name="libs.metro.src" value="" />
    <property name="endorsed.classpath" value="" />
    <property name="libs.absolutelayout.classpath" value="C:\Program Files\NetBeans 7.3 Beta\java\modules\ext\AbsoluteLayout.jar" />
    <property name="excludes" value="" />
    <property name="ant.file.StreamedConvexHull" value="C:\Users\rrufai\Documents\NetBeansProjects\StreamedConvexHull\build.xml" />
    <property name="libs.restlib.maven-pom" value="" />
    <property name="libs.metro.classpath" value="C:\Program Files\NetBeans 7.3 Beta\ide\modules\ext\jaxb\activation.jar;C:\Program Files\NetBeans 7.3 Beta\enterprise\modules\ext\metro\webservices-api.jar;C:\Program Files\NetBeans 7.3 Beta\enterprise\modules\ext\metro\webservices-extra-api.jar;C:\Program Files\NetBeans 7.3 Beta\enterprise\modules\ext\metro\webservices-extra.jar;C:\Program Files\NetBeans 7.3 Beta\enterprise\modules\ext\metro\webservices-rt.jar;C:\Program Files\NetBeans 7.3 Beta\enterprise\modules\ext\metro\webservices-tools.jar" />
    <property name="apple.laf.useScreenMenuBar" value="true" />
    <property name="java.class.path" value="C:\Users\rrufai\Documents\NetBeansProjects\StreamedConvexHull\lib\javaGeom-0.11.1.jar;C:\Users\rrufai\Documents\NetBeansProjects\StreamedConvexHull\build\classes;C:\Program Files\NetBeans 7.3 Beta\platform\modules\ext\junit-4.10.jar;C:\Users\rrufai\Documents\NetBeansProjects\StreamedConvexHull\build\test\classes;C:\Users\rrufai\Documents\NetBeansProjects\StreamedConvexHull;C:\Program Files (x86)\Java\jre7\lib\ext\QTJava.zip;C:\Program Files\NetBeans 7.3 Beta\java\ant\lib\ant-launcher.jar;C:\Program Files\NetBeans 7.3 Beta\java\ant\lib\ant.jar;C:\Program Files\NetBeans 7.3 Beta\java\ant\lib\ant-junit.jar;C:\Program Files\NetBeans 7.3 Beta\java\ant\lib\ant-junit4.jar" />
    <property name="do.mkdist" value="true" />
    <property name="libs.absolutelayout.src" value="" />
    <property name="libs.jpa20-persistence.classpath" value="C:\Program Files\NetBeans 7.3 Beta\java\modules\ext\eclipselink\javax.persistence-2.0.3.jar" />
    <property name="os.version" value="6.1" />
    <property name="application.args" value="" />
    <property name="libs.EclipseLink-GlassFish-v3.javadoc" value="C:\Program Files\NetBeans 7.3 Beta\enterprise\docs\javaee6-doc-api.zip" />
    <property name="main.class.available" value="true" />
    <property name="sun.awt.enableExtraMouseButtons" value="true" />
    <property name="sun.desktop" value="windows" />
    <property name="libs.Comet-GlassFish-v3.src" value="" />
    <property name="libs.restlib.javadoc" value="C:\Program Files\NetBeans 7.3 Beta\enterprise\docs\jersey-1.13-javadoc.zip;C:\Program Files\NetBeans 7.3 Beta\enterprise\docs\jersey-apache-client-1.13-javadoc.zip;C:\Program Files\NetBeans 7.3 Beta\enterprise\docs\jersey-atom-abdera-1.13-javadoc.zip;C:\Program Files\NetBeans 7.3 Beta\enterprise\docs\jersey-guice-1.13-javadoc.zip;C:\Program Files\NetBeans 7.3 Beta\enterprise\docs\jersey-multipart-1.13-javadoc.zip;C:\Program Files\NetBeans 7.3 Beta\enterprise\docs\jersey-simple-server-1.13-javadoc.zip;C:\Program Files\NetBeans 7.3 Beta\enterprise\docs\jersey-spring-1.13-javadoc.zip;C:\Program Files\NetBeans 7.3 Beta\enterprise\docs\oauth-client-1.13-javadoc.zip;C:\Program Files\NetBeans 7.3 Beta\enterprise\docs\oauth-server-1.13-javadoc.zip;C:\Program Files\NetBeans 7.3 Beta\enterprise\docs\oauth-signature-1.13-javadoc.zip" />
    <property name="libs.JAXB-ENDORSED.classpath" value="C:\Program Files\NetBeans 7.3 Beta\ide\modules\ext\jaxb\api\jaxb-api.jar" />
    <property name="libs.eclipselink.classpath" value="C:\Program Files\NetBeans 7.3 Beta\java\modules\ext\eclipselink\eclipselink-2.3.2.jar;C:\Program Files\NetBeans 7.3 Beta\java\modules\ext\eclipselink\javax.persistence-2.0.3.jar;C:\Program Files\NetBeans 7.3 Beta\java\modules\ext\eclipselink\org.eclipse.persistence.jpa.jpql_1.0.1.jar" />
    <property name="libs.beans-binding.javadoc" value="C:\Program Files\NetBeans 7.3 Beta\java\docs\beansbinding-1.2.1-doc.zip" />
    <property name="java.awt.graphicsenv" value="sun.awt.Win32GraphicsEnvironment" />
    <property name="libs.Java-EE-GlassFish-v3.classpath" value="C:\Program Files\glassfish-3.1.2.2\glassfish\modules\javax.servlet.jsp.jstl.jar;C:\Program Files\glassfish-3.1.2.2\glassfish\modules\javax.ejb.jar;C:\Program Files\glassfish-3.1.2.2\glassfish\modules\javax.security.auth.message.jar;C:\Program Files\glassfish-3.1.2.2\glassfish\modules\javax.enterprise.deploy.jar;C:\Program Files\glassfish-3.1.2.2\glassfish\modules\bean-validator.jar;C:\Program Files\glassfish-3.1.2.2\glassfish\modules\javax.servlet.jsp-api.jar;C:\Program Files\glassfish-3.1.2.2\glassfish\modules\javax.jms.jar;C:\Program Files\glassfish-3.1.2.2\glassfish\modules\weld-osgi-bundle.jar;C:\Program Files\glassfish-3.1.2.2\glassfish\modules\jaxb-osgi.jar;C:\Program Files\glassfish-3.1.2.2\glassfish\modules\javax.transaction.jar;C:\Program Files\glassfish-3.1.2.2\glassfish\modules\javax.servlet.jsp.jstl-api.jar;C:\Program Files\glassfish-3.1.2.2\glassfish\modules\endorsed\javax.annotation.jar;C:\Program Files\glassfish-3.1.2.2\glassfish\modules\javax.el-api.jar;C:\Program Files\glassfish-3.1.2.2\glassfish\modules\javax.management.j2ee.jar;C:\Program Files\glassfish-3.1.2.2\glassfish\modules\javax.persistence.jar;C:\Program Files\glassfish-3.1.2.2\glassfish\modules\javax.resource.jar;C:\Program Files\glassfish-3.1.2.2\glassfish\modules\javax.mail.jar;C:\Program Files\glassfish-3.1.2.2\glassfish\modules\javax.servlet-api.jar;C:\Program Files\glassfish-3.1.2.2\mq\lib\jaxm-api.jar;C:\Program Files\glassfish-3.1.2.2\glassfish\modules\webservices-osgi.jar;C:\Program Files\glassfish-3.1.2.2\glassfish\modules\endorsed\webservices-api-osgi.jar;C:\Program Files\glassfish-3.1.2.2\glassfish\modules\javax.security.jacc.jar;C:\Program Files\glassfish-3.1.2.2\glassfish\modules\javax.faces.jar;C:\Program Files\glassfish-3.1.2.2\glassfish\modules\endorsed\jaxb-api-osgi.jar;C:\Program Files\glassfish-3.1.2.2\glassfish\modules\jersey-core.jar;C:\Program Files\glassfish-3.1.2.2\glassfish\modules\web-core.jar;C:\Program Files\glassfish-3.1.2.2\glassfish\modules\jackson-core-asl.jar;C:\Program Files\glassfish-3.1.2.2\glassfish\modules\jackson-jaxrs.jar;C:\Program Files\glassfish-3.1.2.2\glassfish\modules\jackson-mapper-asl.jar;C:\Program Files\glassfish-3.1.2.2\glassfish\modules\jersey-client.jar;C:\Program Files\glassfish-3.1.2.2\glassfish\modules\jersey-core.jar;C:\Program Files\glassfish-3.1.2.2\glassfish\modules\jersey-gf-server.jar;C:\Program Files\glassfish-3.1.2.2\glassfish\modules\jersey-json.jar;C:\Program Files\glassfish-3.1.2.2\glassfish\modules\jersey-multipart.jar;C:\Program Files\glassfish-3.1.2.2\glassfish\modules\jettison.jar;C:\Program Files\glassfish-3.1.2.2\glassfish\modules\mimepull.jar" />
    <property name="java.vm.vendor" value="Oracle Corporation" />
    <property name="libs.CopyLibs.classpath" value="C:\Program Files\NetBeans 7.3 Beta\java\ant\extra\org-netbeans-modules-java-j2seproject-copylibstask.jar" />
    <property name="libs.spring-framework300.classpath" value="C:\Program Files\NetBeans 7.3 Beta\ide\modules\org-apache-commons-logging.jar;C:\Program Files\NetBeans 7.3 Beta\java\modules\ext\cglib-2.2.jar;C:\Program Files\NetBeans 7.3 Beta\java\modules\ext\spring-3.0\spring-aop-3.1.1.RELEASE.jar;C:\Program Files\NetBeans 7.3 Beta\java\modules\org-springframework-asm.jar;C:\Program Files\NetBeans 7.3 Beta\java\modules\ext\spring-3.0\spring-aspects-3.1.1.RELEASE.jar;C:\Program Files\NetBeans 7.3 Beta\java\modules\org-springframework-beans.jar;C:\Program Files\NetBeans 7.3 Beta\java\modules\org-springframework-context.jar;C:\Program Files\NetBeans 7.3 Beta\java\modules\org-springframework-context-support.jar;C:\Program Files\NetBeans 7.3 Beta\java\modules\org-springframework-core.jar;C:\Program Files\NetBeans 7.3 Beta\java\modules\org-springframework-expression.jar;C:\Program Files\NetBeans 7.3 Beta\java\modules\ext\spring-3.0\spring-instrument-3.1.1.RELEASE.jar;C:\Program Files\NetBeans 7.3 Beta\java\modules\ext\spring-3.0\spring-instrument-tomcat-3.1.1.RELEASE.jar;C:\Program Files\NetBeans 7.3 Beta\java\modules\ext\spring-3.0\spring-jdbc-3.1.1.RELEASE.jar;C:\Program Files\NetBeans 7.3 Beta\java\modules\ext\spring-3.0\spring-jms-3.1.1.RELEASE.jar;C:\Program Files\NetBeans 7.3 Beta\java\modules\ext\spring-3.0\spring-orm-3.1.1.RELEASE.jar;C:\Program Files\NetBeans 7.3 Beta\java\modules\ext\spring-3.0\spring-oxm-3.1.1.RELEASE.jar;C:\Program Files\NetBeans 7.3 Beta\java\modules\ext\spring-3.0\spring-test-3.1.1.RELEASE.jar;C:\Program Files\NetBeans 7.3 Beta\java\modules\ext\spring-3.0\spring-tx-3.1.1.RELEASE.jar;C:\Program Files\NetBeans 7.3 Beta\java\modules\org-springframework-web.jar;C:\Program Files\NetBeans 7.3 Beta\java\modules\ext\spring-3.0\spring-webmvc-portlet-3.1.1.RELEASE.jar;C:\Program Files\NetBeans 7.3 Beta\java\modules\ext\spring-3.0\spring-webmvc-3.1.1.RELEASE.jar;C:\Program Files\NetBeans 7.3 Beta\java\modules\ext\spring-3.0\spring-struts-3.1.1.RELEASE.jar" />
    <property name="libs.jsp-compiler.maven-pom" value="" />
    <property name="libs.Java-EE-GlassFish-v3.wsinterop" value="" />
    <property name="libs.spring-webmvc.maven-pom" value="" />
    <property name="run.jvmargs" value="" />
    <property name="libs.ejb3-persistence.classpath" value="C:\Program Files\NetBeans 7.3 Beta\java\modules\ext\hibernate\ejb3-persistence.jar" />
    <property name="libs.GLUEGEN-RT.classpath" value="C:\Users\rrufai\AppData\Roaming\NetBeans\7.3beta\gluegen-runtime\gluegen-rt.jar" />
    <property name="libs.JAXB-ENDORSED.src" value="" />
    <property name="libs.spring-framework.javadoc" value="" />
    <property name="libs.testng.javadoc" value="C:\Program Files\NetBeans 7.3 Beta\platform\docs\testng-6.5.1-javadoc.zip" />
    <property name="libs.PostgreSQLDriver.classpath" value="C:\Program Files\NetBeans 7.3 Beta\ide\modules\ext\postgresql-9.1-901.jdbc4.jar" />
    <property name="user.script" value="" />
    <property name="libs.jsf12.maven-pom" value="" />
    <property name="jnlp.signing" value="" />
    <property name="libs.junit.src" value="" />
    <property name="annotation.processing.source.output" value="build/generated-sources/ap-source-output" />
    <property name="jnlp.signed" value="false" />
    <property name="main.class" value="streamedconvexhull.StreamedConvexHull" />
    <property name="libs.CopyLibs.src" value="" />
    <property name="build.dir" value="build" />
    <property name="libs.jsp-compilation.classpath" value="C:\Program Files\NetBeans 7.3 Beta\java\ant\lib\ant.jar;C:\Program Files\NetBeans 7.3 Beta\enterprise\modules\ext\servlet3.0-jsp2.2-api.jar;C:\Program Files\NetBeans 7.3 Beta\enterprise\modules\ext\glassfish-jspparser-3.0.jar;C:\Program Files\NetBeans 7.3 Beta\enterprise\modules\ext\jsf-2_1\javax.faces.jar;C:\Program Files\NetBeans 7.3 Beta\enterprise\modules\ext\jstl.jar;C:\Program Files\NetBeans 7.3 Beta\java\ant\lib\ant-launcher.jar" />
    <property name="ant.version" value="Apache Ant(TM) version 1.8.4 compiled on May 22 2012" />
    <property name="file.encoding" value="Cp1252" />
    <property name="build.classes.excludes" value="**/*.java,**/*.form" />
    <property name="jdkBug6558476" value="false" />
    <property name="javadoc.nonavbar" value="false" />
    <property name="ant.file.type.StreamedConvexHull" value="file" />
    <property name="platform.active" value="default_platform" />
    <property name="awt.toolkit" value="sun.awt.windows.WToolkit" />
    <property name="libs.JOGL.src" value="C:\Users\rrufai\AppData\Roaming\NetBeans\7.3beta\jogl-runtime\jogl-src.zip;C:\Users\rrufai\AppData\Roaming\NetBeans\7.3beta\jogl-runtime\jogl-src.zip" />
  </properties>
  <testcase classname="cg.convexhull.exact.impl.QuickHullRecursiveTest" name="testComputeSubset" time="0.013">
    <failure type="junit.framework.AssertionFailedError">junit.framework.AssertionFailedError
	at cg.convexhull.exact.impl.QuickHullRecursiveTest.testComputeSubset(QuickHullRecursiveTest.java:160)
</failure>
  </testcase>
  <testcase classname="cg.convexhull.exact.impl.QuickHullRecursiveTest" name="testComputeFarthest" time="0.002">
    <failure type="junit.framework.AssertionFailedError">junit.framework.AssertionFailedError
	at cg.convexhull.exact.impl.QuickHullRecursiveTest.testComputeFarthest(QuickHullRecursiveTest.java:138)
</failure>
  </testcase>
  <testcase classname="cg.convexhull.exact.impl.QuickHullRecursiveTest" name="testComputeLR" time="0.002">
    <failure type="junit.framework.AssertionFailedError">junit.framework.AssertionFailedError
	at cg.convexhull.exact.impl.QuickHullRecursiveTest.testComputeLR(QuickHullRecursiveTest.java:175)
</failure>
  </testcase>
  <testcase classname="cg.convexhull.exact.impl.QuickHullRecursiveTest" name="testConvexHull" time="0.003">
    <failure message="expected:&lt;[{-20.7067, -7.542}, {-15.6558, -21.0232}, {-14.9373, 10.3122}, {-8.9209, 22.1216}, {5.4365, 19.6453}, {6.7786, -19.5432}, {13.54, -12.1944}, {15.1514, 15.8849}, {22.8319, 1.5574}]&gt; but was:&lt;[{-20.7067, -7.542}, {-14.9373, 10.3122}, {-8.9209, 22.1216}, {5.4365, 19.6453}, {15.1514, 15.8849}, {22.8319, 1.5574}]&gt;" type="junit.framework.AssertionFailedError">junit.framework.AssertionFailedError: expected:&lt;[{-20.7067, -7.542}, {-15.6558, -21.0232}, {-14.9373, 10.3122}, {-8.9209, 22.1216}, {5.4365, 19.6453}, {6.7786, -19.5432}, {13.54, -12.1944}, {15.1514, 15.8849}, {22.8319, 1.5574}]&gt; but was:&lt;[{-20.7067, -7.542}, {-14.9373, 10.3122}, {-8.9209, 22.1216}, {5.4365, 19.6453}, {15.1514, 15.8849}, {22.8319, 1.5574}]&gt;
	at cg.convexhull.exact.impl.QuickHullRecursiveTest.testConvexHull(QuickHullRecursiveTest.java:81)
</failure>
  </testcase>
  <testcase classname="cg.convexhull.exact.impl.QuickHullRecursiveTest" name="testMergeHulls" time="0.003">
    <failure message="expected:&lt;[{-15.6558, -21.0232}, {6.7786, -19.5432}, {13.54, -12.1944}, {-20.7067, -7.542}, {22.8319, 1.5574}, {-14.9373, 10.3122}, {15.1514, 15.8849}, {5.4365, 19.6453}, {-8.9209, 22.1216}]&gt; but was:&lt;[{-20.7067, -7.542}, {22.8319, 1.5574}, {-14.9373, 10.3122}, {15.1514, 15.8849}, {5.4365, 19.6453}, {-8.9209, 22.1216}]&gt;" type="junit.framework.AssertionFailedError">junit.framework.AssertionFailedError: expected:&lt;[{-15.6558, -21.0232}, {6.7786, -19.5432}, {13.54, -12.1944}, {-20.7067, -7.542}, {22.8319, 1.5574}, {-14.9373, 10.3122}, {15.1514, 15.8849}, {5.4365, 19.6453}, {-8.9209, 22.1216}]&gt; but was:&lt;[{-20.7067, -7.542}, {22.8319, 1.5574}, {-14.9373, 10.3122}, {15.1514, 15.8849}, {5.4365, 19.6453}, {-8.9209, 22.1216}]&gt;
	at cg.convexhull.exact.impl.QuickHullRecursiveTest.testMergeHulls(QuickHullRecursiveTest.java:100)
</failure>
  </testcase>
  <testcase classname="cg.convexhull.exact.impl.QuickHullRecursiveTest" name="testQuickHull" time="0.001" />
  <testcase classname="cg.convexhull.exact.impl.QuickHullRecursiveTest" name="testCompute" time="0.006">
    <failure message="expected:&lt;[{-20.7067, -7.542}, {-15.6558, -21.0232}, {-14.9373, 10.3122}, {-8.9209, 22.1216}, {5.4365, 19.6453}, {6.7786, -19.5432}, {13.54, -12.1944}, {15.1514, 15.8849}, {22.8319, 1.5574}]&gt; but was:&lt;[{-20.7067, -20.7067}, {-20.7067, -7.542}, {-14.9373, 10.3122}, {-8.9209, 22.1216}, {5.4365, 19.6453}, {15.1514, 15.8849}, {22.8319, 1.5574}]&gt;" type="junit.framework.AssertionFailedError">junit.framework.AssertionFailedError: expected:&lt;[{-20.7067, -7.542}, {-15.6558, -21.0232}, {-14.9373, 10.3122}, {-8.9209, 22.1216}, {5.4365, 19.6453}, {6.7786, -19.5432}, {13.54, -12.1944}, {15.1514, 15.8849}, {22.8319, 1.5574}]&gt; but was:&lt;[{-20.7067, -20.7067}, {-20.7067, -7.542}, {-14.9373, 10.3122}, {-8.9209, 22.1216}, {5.4365, 19.6453}, {15.1514, 15.8849}, {22.8319, 1.5574}]&gt;
	at cg.convexhull.exact.impl.QuickHullRecursiveTest.testCompute(QuickHullRecursiveTest.java:66)
</failure>
  </testcase>
  <system-out><![CDATA[computeSubset
subset(L, R): [{4.8988, 16.5324}, {-2.9989, 9.0573}, {15.4351, 1.558}, {-0.315, 4.1554}, {-9.5647, 5.9777}, {-10.4647, 4.2737}, {11.95, 1.3588}, {-15.0409, -2.306}, {-9.0776, 11.3783}, {-14.9373, 10.3122}, {-7.2171, 12.9024}, {1.8799, 8.0789}, {7.7709, 16.9294}, {8.9905, 4.7096}, {-12.3618, 7.5647}, {-5.9178, -1.6244}, {7.9, 3.3163}, {13.9025, 3.895}, {1.4031, 2.3256}, {-5.436, -3.3475}, {-4.8832, 15.7248}, {0.0435, -1.611}, {-7.3235, 10.5347}, {-2.5097, -2.6787}, {5.4365, 19.6453}, {12.9084, 12.3803}, {2.2533, 10.8634}, {-8.499, -2.3981}, {7.1446, 0.3471}, {1.0004, 5.6938}, {-17.7399, -5.2753}, {-2.7747, 0.2134}, {3.9441, 2.2864}, {-8.219, 7.6302}, {-0.5672, 0.2707}, {6.9128, -0.4967}, {8.3096, -1.0369}, {6.689, 11.1841}, {6.6896, -1.1112}, {15.1514, 15.8849}, {-9.1063, -0.1987}, {-8.9209, 22.1216}, {5.2818, 6.354}, {-13.4096, 1.1124}, {2.1393, 0.5877}, {6.0774, 5.853}, {12.8916, 1.2147}, {10.4089, 8.2828}, {7.686, 15.7892}, {-7.0509, -4.4648}, {-5.3547, 20.5738}, {2.1844, 3.8881}, {9.9564, 6.5288}, {3.1932, -1.4634}, {-4.5957, 6.0454}, {-6.4204, -2.898}, {-9.0912, 16.3515}, {12.9092, 3.3406}, {4.8034, 0.2067}, {8.1191, 14.3959}]
subset(R, L): [{3.8768, -4.1864}, {13.54, -12.1944}, {0.8021, -11.9194}, {-0.364, -11.1732}, {11.6677, -10.2834}, {3.3788, -9.2261}, {17.9243, -4.9549}, {0.8049, -5.0648}, {8.1432, -10.6782}, {-1.6561, -10.1621}, {-11.0246, -5.8414}, {-1.9589, -5.8166}, {6.7786, -19.5432}, {3.573, -7.4363}, {-3.3256, -10.8778}, {9.58, -11.1315}, {8.8118, -10.3978}, {1.5928, -12.4928}, {17.2356, -3.6061}, {-2.1786, -8.0357}, {2.7464, -2.7443}, {11.8229, -12.8127}, {0.5178, -12.4736}, {-1.5565, -14.804}, {-15.6558, -21.0232}, {3.1204, -12.573}, {4.1481, -3.293}, {6.2874, -7.4676}, {6.7115, -5.4515}, {9.1562, -8.8976}, {-1.34, -11.3435}, {-0.8671, -10.8589}, {8.2579, -9.559}, {4.2729, -8.4715}, {7.2323, -3.6497}, {-13.7513, -9.2455}, {0.4081, -11.0131}, {0.6237, -9.0394}]
computeFarthest
leftmost: {-20.7067, -7.542}, rightmost: {22.8319, 1.5574}
farthest: {-8.9209, 22.1216}
computeLR
convexHull
mergeHulls
quickHull
quickHull: [{-20.7067, -7.542}, {-14.9373, 10.3122}, {-8.9209, 22.1216}, {5.4365, 19.6453}, {15.1514, 15.8849}, {22.8319, 1.5574}]
compute
]]></system-out>
  <system-err><![CDATA[]]></system-err>
</testsuite>
